<?xml version="1.0" encoding="UTF-8"?>
<robot generator="Robot 4.1 (Python 3.9.6 on win32)" generated="20210831 18:03:46.604" rpa="false" schemaversion="2">
<suite id="s1" name="Cotacao Veiculos" source="C:\treinamento-robotframework\tests\cotacao_veiculos.robot">
<test id="s1-t1" name="Preenchendo dados de um automóvel Audi">
<kw name="Open Session" library="base" type="SETUP">
<kw name="Open Browser" library="SeleniumLibrary">
<arg>about:blank</arg>
<arg>chrome</arg>
<doc>Opens a new browser instance to the optional ``url``.</doc>
<msg timestamp="20210831 18:03:47.208" level="INFO">Opening browser 'chrome' to base url 'about:blank'.</msg>
<status status="PASS" starttime="20210831 18:03:47.208" endtime="20210831 18:03:50.675"/>
</kw>
<kw name="Maximize Browser Window" library="SeleniumLibrary">
<doc>Maximizes current browser window.</doc>
<status status="PASS" starttime="20210831 18:03:50.675" endtime="20210831 18:03:50.857"/>
</kw>
<status status="PASS" starttime="20210831 18:03:47.207" endtime="20210831 18:03:50.858"/>
</kw>
<kw name="Dado que eu acesse o site Tricents" library="logando_no_sistema_kws">
<kw name="Go To" library="SeleniumLibrary">
<arg>${url_tricents}</arg>
<doc>Navigates the current browser window to the provided ``url``.</doc>
<msg timestamp="20210831 18:03:50.871" level="INFO">Opening url 'http://sampleapp.tricentis.com/101/index.php'</msg>
<status status="PASS" starttime="20210831 18:03:50.869" endtime="20210831 18:03:55.063"/>
</kw>
<status status="PASS" starttime="20210831 18:03:50.866" endtime="20210831 18:03:55.063"/>
</kw>
<kw name="Quando vou para sessão Automobile" library="cotacao_veiculos_kws">
<kw name="Click Element" library="SeleniumLibrary">
<arg>${NAV_AUTOMOBILE}</arg>
<doc>Click the element identified by ``locator``.</doc>
<msg timestamp="20210831 18:03:55.066" level="INFO">Clicking element 'id:nav_automobile'.</msg>
<status status="PASS" starttime="20210831 18:03:55.065" endtime="20210831 18:03:56.721"/>
</kw>
<status status="PASS" starttime="20210831 18:03:55.064" endtime="20210831 18:03:56.721"/>
</kw>
<kw name="Então preencho campos referentes ao &quot;Audi&quot;" library="cotacao_veiculos_kws" sourcename="Então preencho campos referentes ao &quot;${VEICULO}&quot;">
<kw name="Select From List By Label" library="SeleniumLibrary">
<arg>${DROPDOWN_MAKE}</arg>
<arg>${VEICULO}</arg>
<doc>Selects options from selection list ``locator`` by ``labels``.</doc>
<msg timestamp="20210831 18:03:56.723" level="INFO">Selecting options from selection list 'id:make' by label Audi.</msg>
<status status="PASS" starttime="20210831 18:03:56.722" endtime="20210831 18:03:56.840"/>
</kw>
<kw name="Get Selected List Label" library="SeleniumLibrary">
<var>${selected}</var>
<arg>${DROPDOWN_MAKE}</arg>
<doc>Returns the label of selected option from selection list ``locator``.</doc>
<msg timestamp="20210831 18:03:56.926" level="INFO">${selected} = Audi</msg>
<status status="PASS" starttime="20210831 18:03:56.840" endtime="20210831 18:03:56.926"/>
</kw>
<kw name="Should Be Equal" library="BuiltIn">
<arg>${selected}</arg>
<arg>${VEICULO}</arg>
<doc>Fails if the given objects are unequal.</doc>
<status status="PASS" starttime="20210831 18:03:56.927" endtime="20210831 18:03:56.927"/>
</kw>
<kw name="Input Text" library="SeleniumLibrary">
<arg>${PERFORMANCE_VEICULAR}</arg>
<arg>200</arg>
<doc>Types the given ``text`` into the text field identified by ``locator``.</doc>
<msg timestamp="20210831 18:03:56.927" level="INFO">Typing text '200' into text field 'id:engineperformance'.</msg>
<status status="PASS" starttime="20210831 18:03:56.927" endtime="20210831 18:03:57.072"/>
</kw>
<kw name="Input Text" library="SeleniumLibrary">
<arg>${DATA_FABRICACAO}</arg>
<arg>08/31/2021</arg>
<doc>Types the given ``text`` into the text field identified by ``locator``.</doc>
<msg timestamp="20210831 18:03:57.072" level="INFO">Typing text '08/31/2021' into text field 'id:dateofmanufacture'.</msg>
<status status="PASS" starttime="20210831 18:03:57.072" endtime="20210831 18:03:57.259"/>
</kw>
<kw name="Select From List By Value" library="SeleniumLibrary">
<arg>${DROPDOWN_QTD_LUGARES}</arg>
<arg>5</arg>
<doc>Selects options from selection list ``locator`` by ``values``.</doc>
<msg timestamp="20210831 18:03:57.259" level="INFO">Selecting options from selection list 'id:numberofseats' by value 5.</msg>
<status status="PASS" starttime="20210831 18:03:57.259" endtime="20210831 18:03:57.354"/>
</kw>
<kw name="Select From List By Value" library="SeleniumLibrary">
<arg>${DROPDOWN_COMBUSTIVEL}</arg>
<arg>Diesel</arg>
<doc>Selects options from selection list ``locator`` by ``values``.</doc>
<msg timestamp="20210831 18:03:57.354" level="INFO">Selecting options from selection list 'id:fuel' by value Diesel.</msg>
<status status="PASS" starttime="20210831 18:03:57.354" endtime="20210831 18:03:57.443"/>
</kw>
<kw name="Input Text" library="SeleniumLibrary">
<arg>${VALOR_PAGAMENTO}</arg>
<arg>30000</arg>
<doc>Types the given ``text`` into the text field identified by ``locator``.</doc>
<msg timestamp="20210831 18:03:57.444" level="INFO">Typing text '30000' into text field 'id:listprice'.</msg>
<status status="PASS" starttime="20210831 18:03:57.444" endtime="20210831 18:03:57.572"/>
</kw>
<kw name="Input Text" library="SeleniumLibrary">
<arg>${KM_ANUAL}</arg>
<arg>150</arg>
<doc>Types the given ``text`` into the text field identified by ``locator``.</doc>
<msg timestamp="20210831 18:03:57.572" level="INFO">Typing text '150' into text field 'id:annualmileage'.</msg>
<status status="PASS" starttime="20210831 18:03:57.572" endtime="20210831 18:03:57.707"/>
</kw>
<status status="PASS" starttime="20210831 18:03:56.722" endtime="20210831 18:03:57.707"/>
</kw>
<kw name="Close Session" library="base" type="TEARDOWN">
<kw name="Capture Page Screenshot" library="SeleniumLibrary">
<doc>Takes a screenshot of the current page and embeds it into a log file.</doc>
<msg timestamp="20210831 18:03:57.925" level="INFO" html="true">&lt;/td&gt;&lt;/tr&gt;&lt;tr&gt;&lt;td colspan="3"&gt;&lt;a href="selenium-screenshot-1.png"&gt;&lt;img src="selenium-screenshot-1.png" width="800px"&gt;&lt;/a&gt;</msg>
<status status="PASS" starttime="20210831 18:03:57.708" endtime="20210831 18:03:57.926"/>
</kw>
<kw name="Close Browser" library="SeleniumLibrary">
<doc>Closes the current browser.</doc>
<status status="PASS" starttime="20210831 18:03:57.926" endtime="20210831 18:04:00.417"/>
</kw>
<status status="PASS" starttime="20210831 18:03:57.708" endtime="20210831 18:04:00.417"/>
</kw>
<tag>dadosVeiculo</tag>
<status status="PASS" starttime="20210831 18:03:47.206" endtime="20210831 18:04:00.419"/>
</test>
<doc>Aqui ficam os casos de teste referentes a cotacao do veiculo desejado</doc>
<status status="PASS" starttime="20210831 18:03:46.610" endtime="20210831 18:04:00.424"/>
</suite>
<statistics>
<total>
<stat pass="1" fail="0" skip="0">All Tests</stat>
</total>
<tag>
<stat pass="1" fail="0" skip="0">dadosVeiculo</stat>
</tag>
<suite>
<stat pass="1" fail="0" skip="0" id="s1" name="Cotacao Veiculos">Cotacao Veiculos</stat>
</suite>
</statistics>
<errors>
</errors>
</robot>
