<?xml version="1.0" encoding="UTF-8"?>
<robot generator="Robot 4.1 (Python 3.9.6 on win32)" generated="20210825 11:34:00.157" rpa="false" schemaversion="2">
<suite id="s1" name="Logando No Sistema" source="C:\RobotFramework-The Beginning\tests\logando_no_sistema.robot">
<test id="s1-t1" name="Logando no sistema tricents">
<kw name="Open Session" library="base" type="SETUP">
<kw name="Open Browser" library="SeleniumLibrary">
<arg>about:blank</arg>
<arg>chrome</arg>
<doc>Opens a new browser instance to the optional ``url``.</doc>
<msg timestamp="20210825 11:34:00.647" level="INFO">Opening browser 'chrome' to base url 'about:blank'.</msg>
<status status="PASS" starttime="20210825 11:34:00.647" endtime="20210825 11:34:03.247"/>
</kw>
<kw name="Maximize Browser Window" library="SeleniumLibrary">
<doc>Maximizes current browser window.</doc>
<status status="PASS" starttime="20210825 11:34:03.247" endtime="20210825 11:34:03.377"/>
</kw>
<status status="PASS" starttime="20210825 11:34:00.647" endtime="20210825 11:34:03.378"/>
</kw>
<kw name="Dado que eu acesse o site Tricents" library="logando_no_sistema_kws">
<kw name="Go To" library="SeleniumLibrary">
<arg>${url_tricents}</arg>
<doc>Navigates the current browser window to the provided ``url``.</doc>
<msg timestamp="20210825 11:34:03.380" level="INFO">Opening url 'http://sampleapp.tricentis.com/101/index.php'</msg>
<status status="PASS" starttime="20210825 11:34:03.379" endtime="20210825 11:34:27.622"/>
</kw>
<status status="PASS" starttime="20210825 11:34:03.378" endtime="20210825 11:34:27.623"/>
</kw>
<kw name="Close Session" library="base" type="TEARDOWN">
<kw name="Capture Page Screenshot" library="SeleniumLibrary">
<doc>Takes a screenshot of the current page and embeds it into a log file.</doc>
<msg timestamp="20210825 11:34:28.437" level="INFO" html="true">&lt;/td&gt;&lt;/tr&gt;&lt;tr&gt;&lt;td colspan="3"&gt;&lt;a href="selenium-screenshot-1.png"&gt;&lt;img src="selenium-screenshot-1.png" width="800px"&gt;&lt;/a&gt;</msg>
<status status="PASS" starttime="20210825 11:34:27.627" endtime="20210825 11:34:28.437"/>
</kw>
<kw name="Close Browser" library="SeleniumLibrary">
<doc>Closes the current browser.</doc>
<status status="PASS" starttime="20210825 11:34:28.437" endtime="20210825 11:34:30.875"/>
</kw>
<status status="PASS" starttime="20210825 11:34:27.625" endtime="20210825 11:34:30.876"/>
</kw>
<status status="PASS" starttime="20210825 11:34:00.646" endtime="20210825 11:34:30.876"/>
</test>
<doc>Aqui fica os casos de teste</doc>
<status status="PASS" starttime="20210825 11:34:00.162" endtime="20210825 11:34:30.878"/>
</suite>
<statistics>
<total>
<stat pass="1" fail="0" skip="0">All Tests</stat>
</total>
<tag>
</tag>
<suite>
<stat pass="1" fail="0" skip="0" id="s1" name="Logando No Sistema">Logando No Sistema</stat>
</suite>
</statistics>
<errors>
</errors>
</robot>
